<?xml version="1.0" encoding="UTF-8"?>
<!-- Generated by org.testng.reporters.JUnitXMLReporter -->
<testsuite hostname="DESKTOP-GJ9UHCB" name="GitTest" tests="3" failures="3" timestamp="24 Nov 2016 03:30:31 GMT" time="0.354" errors="0">
  <testcase name="testId" time="0.005" classname="com.test.GitHubTest">
    <failure type="java.lang.NullPointerException">
      <![CDATA[java.lang.NullPointerException
	at com.utils.RestUtil.validateStatusCode(RestUtil.java:52)
	at com.test.GitHubTest.testId(GitHubTest.java:32)
... Removed 25 stack frames]]>
    </failure>
  </testcase> <!-- testId -->
  <testcase name="testLogin" time="0.001" classname="com.test.GitHubTest">
    <failure type="java.lang.NullPointerException">
      <![CDATA[java.lang.NullPointerException
	at com.utils.RestUtil.validateStatusCode(RestUtil.java:52)
	at com.test.GitHubTest.testLogin(GitHubTest.java:27)
... Removed 25 stack frames]]>
    </failure>
  </testcase> <!-- testLogin -->
  <testcase name="testStatusCode" time="0.002" classname="com.test.GitHubTest">
    <failure type="java.lang.NullPointerException">
      <![CDATA[java.lang.NullPointerException
	at com.utils.RestUtil.validateStatusCode(RestUtil.java:52)
	at com.test.GitHubTest.testStatusCode(GitHubTest.java:22)
... Removed 25 stack frames]]>
    </failure>
  </testcase> <!-- testStatusCode -->
</testsuite> <!-- GitTest -->
