<?xml version="1.0" encoding="UTF-8"?>
<!-- Generated by org.testng.reporters.JUnitXMLReporter -->
<testsuite hostname="DESKTOP-GJ9UHCB" name="GitTest" tests="6" failures="4" timestamp="29 Nov 2016 21:13:14 GMT" time="1.434" errors="0">
  <testcase name="@BeforeClass beforeClass1" time="0.0" classname="com.test.TwitterPostTest">
    <failure type="java.lang.IllegalArgumentException" message="HTTP request may not be null">
      <![CDATA[java.lang.IllegalArgumentException: HTTP request may not be null
	at org.apache.http.util.Args.notNull(Args.java:54)
	at org.apache.http.impl.client.CloseableHttpClient.execute(CloseableHttpClient.java:81)
	at org.apache.http.impl.client.CloseableHttpClient.execute(CloseableHttpClient.java:107)
	at com.utils.RestUtil.postRequest(RestUtil.java:100)
	at com.test.TwitterPostTest.beforeClass1(TwitterPostTest.java:17)
... Removed 25 stack frames]]>
    </failure>
  </testcase> <!-- @BeforeClass beforeClass1 -->
  <testcase name="testHeaders" time="0.01" classname="com.test.GitHubTest"/>
  <testcase name="testId" time="0.017" classname="com.test.GitHubTest">
    <failure type="java.lang.NullPointerException">
      <![CDATA[java.lang.NullPointerException
	at com.test.GitHubTest.testId(GitHubTest.java:38)
... Removed 25 stack frames]]>
    </failure>
  </testcase> <!-- testId -->
  <testcase name="testLogin" time="0.016" classname="com.test.GitHubTest">
    <failure type="java.lang.NullPointerException">
      <![CDATA[java.lang.NullPointerException
	at com.test.GitHubTest.testLogin(GitHubTest.java:33)
... Removed 25 stack frames]]>
    </failure>
  </testcase> <!-- testLogin -->
  <testcase name="testStatusCode" time="0.003" classname="com.test.GitHubTest">
    <failure type="java.lang.NullPointerException">
      <![CDATA[java.lang.NullPointerException
	at com.utils.RestUtil.validateStatusCode(RestUtil.java:82)
	at com.test.GitHubTest.testStatusCode(GitHubTest.java:28)
... Removed 25 stack frames]]>
    </failure>
  </testcase> <!-- testStatusCode -->
  <testcase name="testStatusCode" time="0.004" classname="com.test.TwitterUserTest">
    <failure type="java.lang.NullPointerException">
      <![CDATA[java.lang.NullPointerException
	at com.utils.RestUtil.validateStatusCode(RestUtil.java:82)
	at com.test.TwitterUserTest.testStatusCode(TwitterUserTest.java:23)
... Removed 25 stack frames]]>
    </failure>
  </testcase> <!-- testStatusCode -->
  <testcase name="testStatusCode" time="0.004" classname="com.test.TwitterPostTest">
    <skipped/>
  </testcase> <!-- testStatusCode -->
</testsuite> <!-- GitTest -->
